\BOOKMARK [0][-]{chapter*.3}{\376\377\000P\000r\000o\000j\000e\000c\000t\000\040\000K\000e\000n\000n\000e\000l\000:\000\040\000D\000e\000s\000i\000g\000n\000\040\000P\000r\000i\000n\000c\000i\000p\000l\000e\000s}{}% 1
\BOOKMARK [1][-]{section*.4}{\376\377\000P\000r\000e\000m\000i\000s\000e}{chapter*.3}% 2
\BOOKMARK [1][-]{section*.8}{\376\377\000S\000y\000s\000t\000e\000m}{chapter*.3}% 3
\BOOKMARK [1][-]{section*.13}{\376\377\000A\000r\000c\000h\000i\000t\000e\000c\000t\000u\000r\000e}{chapter*.3}% 4
\BOOKMARK [1][-]{section*.17}{\376\377\000B\000o\000u\000n\000d\000a\000r\000i\000e\000s}{chapter*.3}% 5
\BOOKMARK [0][-]{section*.22}{\376\377\000P\000a\000r\000t\000\040\000I\000\040\000T\000h\000e\000\040\000m\000o\000d\000e\000l}{}% 6
\BOOKMARK [0][-]{chapter*.23}{\376\377\0001\000.\000\040\000T\000h\000e\000\040\000p\000r\000e\000m\000i\000s\000e}{}% 7
\BOOKMARK [1][-]{section*.24}{\376\377\0001\000.\0001\000\040\000T\000h\000e\000\040\000t\000h\000r\000e\000a\000t\000\040\000i\000s\000\040\000e\000f\000f\000e\000c\000t\000,\000\040\000n\000o\000t\000\040\000i\000n\000t\000e\000n\000t}{chapter*.23}% 8
\BOOKMARK [1][-]{section*.25}{\376\377\0001\000.\0002\000\040\000I\000d\000e\000n\000t\000i\000t\000y\000\040\000a\000n\000d\000\040\000a\000u\000t\000h\000o\000r\000i\000t\000y}{chapter*.23}% 9
\BOOKMARK [1][-]{section*.26}{\376\377\0001\000.\0003\000\040\000T\000h\000e\000\040\000t\000r\000u\000s\000t\000\040\000r\000o\000o\000t\000,\000\040\000a\000n\000d\000\040\000t\000h\000e\000\040\000l\000i\000m\000i\000t\000s\000\040\000o\000f\000\040\000t\000h\000e\000\040\000c\000l\000a\000i\000m}{chapter*.23}% 10
\BOOKMARK [1][-]{section*.27}{\376\377\0001\000.\0004\000\040\000T\000h\000e\000\040\000s\000h\000a\000p\000e\000\040\000o\000f\000\040\000t\000h\000e\000\040\000a\000n\000s\000w\000e\000r}{chapter*.23}% 11
\BOOKMARK [0][-]{chapter*.28}{\376\377\0002\000.\000\040\000T\000h\000e\000\040\000r\000e\000f\000e\000r\000e\000n\000c\000e\000\040\000m\000o\000n\000i\000t\000o\000r}{}% 12
\BOOKMARK [1][-]{section*.29}{\376\377\0002\000.\0001\000\040\000C\000o\000m\000p\000l\000e\000t\000e\000\040\000m\000e\000d\000i\000a\000t\000i\000o\000n}{chapter*.28}% 13
\BOOKMARK [1][-]{section*.30}{\376\377\0002\000.\0002\000\040\000T\000a\000m\000p\000e\000r\000p\000r\000o\000o\000f}{chapter*.28}% 14
\BOOKMARK [1][-]{section*.31}{\376\377\0002\000.\0003\000\040\000V\000e\000r\000i\000f\000i\000a\000b\000l\000e}{chapter*.28}% 15
\BOOKMARK [1][-]{section*.32}{\376\377\0002\000.\0004\000\040\000T\000h\000e\000\040\000s\000a\000m\000e\000\040\000t\000h\000r\000e\000e\000\040\000p\000r\000o\000p\000e\000r\000t\000i\000e\000s\000,\000\040\000h\000e\000l\000d\000\040\000a\000g\000a\000i\000n\000s\000t\000\040\000t\000h\000e\000\040\000a\000l\000t\000e\000r\000n\000a\000t\000i\000v\000e\000s}{chapter*.28}% 16
\BOOKMARK [0][-]{chapter*.33}{\376\377\0003\000.\000\040\000T\000h\000e\000\040\000t\000w\000o\000\040\000l\000i\000m\000b\000s}{}% 17
\BOOKMARK [1][-]{section*.34}{\376\377\0003\000.\0001\000\040\000A\000b\000s\000e\000n\000c\000e}{chapter*.33}% 18
\BOOKMARK [1][-]{section*.35}{\376\377\0003\000.\0002\000\040\000I\000n\000t\000e\000r\000p\000o\000s\000i\000t\000i\000o\000n}{chapter*.33}% 19
\BOOKMARK [0][-]{section*.36}{\376\377\000P\000a\000r\000t\000\040\000I\000I\000\040\000T\000h\000e\000\040\000r\000e\000s\000o\000u\000r\000c\000e\000\040\000c\000l\000a\000s\000s\000e\000s}{}% 20
\BOOKMARK [0][-]{chapter*.37}{\376\377\0004\000.\000\040\000F\000i\000l\000e\000s\000y\000s\000t\000e\000m}{}% 21
\BOOKMARK [1][-]{section*.38}{\376\377\0004\000.\0001\000\040\000T\000h\000e\000\040\000e\000m\000p\000t\000y\000\040\000w\000o\000r\000l\000d}{chapter*.37}% 22
\BOOKMARK [1][-]{section*.39}{\376\377\0004\000.\0002\000\040\000T\000h\000e\000\040\000c\000o\000n\000t\000r\000a\000c\000t}{chapter*.37}% 23
\BOOKMARK [1][-]{section*.40}{\376\377\0004\000.\0003\000\040\000A\000b\000s\000e\000n\000c\000e\000\040\000a\000t\000\040\000f\000i\000n\000e\000r\000\040\000g\000r\000a\000i\000n}{chapter*.37}% 24
\BOOKMARK [1][-]{section*.41}{\376\377\0004\000.\0004\000\040\000T\000h\000e\000\040\000f\000l\000o\000o\000r}{chapter*.37}% 25
\BOOKMARK [1][-]{section*.42}{\376\377\0004\000.\0005\000\040\000T\000h\000e\000\040\000t\000r\000u\000s\000t\000\040\000r\000e\000c\000o\000r\000d}{chapter*.37}% 26
\BOOKMARK [0][-]{chapter*.43}{\376\377\0005\000.\000\040\000E\000x\000e\000c\000u\000t\000i\000o\000n}{}% 27
\BOOKMARK [1][-]{section*.44}{\376\377\0005\000.\0001\000\040\000T\000h\000e\000\040\000r\000i\000g\000h\000t\000\040\000t\000o\000\040\000l\000a\000u\000n\000c\000h}{chapter*.43}% 28
\BOOKMARK [1][-]{section*.45}{\376\377\0005\000.\0002\000\040\000T\000h\000e\000\040\000c\000o\000n\000t\000r\000a\000c\000t}{chapter*.43}% 29
\BOOKMARK [1][-]{section*.46}{\376\377\0005\000.\0003\000\040\000T\000h\000e\000\040\000l\000a\000u\000n\000c\000h\000,\000\040\000n\000o\000t\000\040\000w\000h\000a\000t\000\040\000r\000u\000n\000s\000\040\000a\000f\000t\000e\000r}{chapter*.43}% 30
\BOOKMARK [1][-]{section*.47}{\376\377\0005\000.\0004\000\040\000T\000h\000e\000\040\000n\000o\000n\000-\000e\000s\000c\000a\000l\000a\000t\000i\000o\000n\000\040\000g\000u\000a\000r\000a\000n\000t\000e\000e}{chapter*.43}% 31
\BOOKMARK [0][-]{chapter*.48}{\376\377\0006\000.\000\040\000N\000e\000t\000w\000o\000r\000k\000\040\000e\000g\000r\000e\000s\000s}{}% 32
\BOOKMARK [1][-]{section*.49}{\376\377\0006\000.\0001\000\040\000A\000b\000s\000e\000n\000c\000e\000,\000\040\000t\000h\000e\000n\000\040\000i\000n\000t\000e\000r\000p\000o\000s\000i\000t\000i\000o\000n}{chapter*.48}% 33
\BOOKMARK [1][-]{section*.50}{\376\377\0006\000.\0002\000\040\000T\000h\000e\000\040\000c\000o\000n\000t\000r\000a\000c\000t}{chapter*.48}% 34
\BOOKMARK [1][-]{section*.51}{\376\377\0006\000.\0003\000\040\000W\000h\000a\000t\000\040\000t\000h\000e\000\040\000b\000o\000u\000n\000d\000a\000r\000y\000\040\000d\000o\000e\000s\000\040\000n\000o\000t\000\040\000c\000l\000a\000i\000m}{chapter*.48}% 35
\BOOKMARK [0][-]{chapter*.52}{\376\377\0007\000.\000\040\000L\000o\000c\000a\000l\000\040\000s\000e\000r\000v\000i\000c\000e\000s}{}% 36
\BOOKMARK [1][-]{section*.53}{\376\377\0007\000.\0001\000\040\000T\000h\000e\000\040\000p\000a\000t\000h\000s\000,\000\040\000t\000h\000e\000n\000\040\000t\000h\000e\000\040\000c\000o\000n\000n\000e\000c\000t\000i\000o\000n}{chapter*.52}% 37
\BOOKMARK [1][-]{section*.54}{\376\377\0007\000.\0002\000\040\000T\000h\000e\000\040\000c\000o\000n\000t\000r\000a\000c\000t}{chapter*.52}% 38
\BOOKMARK [1][-]{section*.55}{\376\377\0007\000.\0003\000\040\000T\000h\000e\000\040\000r\000a\000w\000\040\000c\000h\000a\000n\000n\000e\000l}{chapter*.52}% 39
\BOOKMARK [1][-]{section*.56}{\376\377\0007\000.\0004\000\040\000T\000h\000e\000\040\000f\000a\000c\000a\000d\000e}{chapter*.52}% 40
\BOOKMARK [1][-]{section*.57}{\376\377\0007\000.\0005\000\040\000T\000h\000e\000\040\000p\000r\000i\000v\000a\000t\000e\000\040\000i\000n\000s\000t\000a\000n\000c\000e}{chapter*.52}% 41
\BOOKMARK [1][-]{section*.58}{\376\377\0007\000.\0006\000\040\000W\000h\000a\000t\000\040\000i\000s\000\040\000n\000o\000t\000\040\000b\000r\000o\000k\000e\000r\000e\000d}{chapter*.52}% 42
\BOOKMARK [0][-]{chapter*.59}{\376\377\0008\000.\000\040\000C\000r\000y\000p\000t\000o\000g\000r\000a\000p\000h\000i\000c\000\040\000s\000e\000r\000v\000i\000c\000e\000s}{}% 43
\BOOKMARK [1][-]{section*.60}{\376\377\0008\000.\0001\000\040\000A\000u\000t\000h\000e\000n\000t\000i\000c\000a\000t\000i\000o\000n}{chapter*.59}% 44
\BOOKMARK [1][-]{section*.61}{\376\377\0008\000.\0002\000\040\000A\000t\000t\000e\000s\000t\000a\000t\000i\000o\000n}{chapter*.59}% 45
\BOOKMARK [1][-]{section*.62}{\376\377\0008\000.\0003\000\040\000T\000h\000e\000\040\000m\000a\000n\000-\000i\000n\000-\000t\000h\000e\000-\000m\000i\000d\000d\000l\000e\000\040\000w\000e\000\040\000c\000a\000n\000'\000t\000\040\000b\000e}{chapter*.59}% 46
\BOOKMARK [0][-]{chapter*.63}{\376\377\0009\000.\000\040\000O\000C\000I\000\040\000i\000m\000a\000g\000e\000s}{}% 47
\BOOKMARK [1][-]{section*.64}{\376\377\0009\000.\0001\000\040\000N\000o\000t\000\040\000t\000h\000e\000\040\000e\000n\000g\000i\000n\000e}{chapter*.63}% 48
\BOOKMARK [1][-]{section*.65}{\376\377\0009\000.\0002\000\040\000A\000n\000\040\000i\000m\000a\000g\000e\000\040\000i\000s\000\040\000a\000\040\000f\000i\000l\000e\000s\000y\000s\000t\000e\000m}{chapter*.63}% 49
\BOOKMARK [1][-]{section*.66}{\376\377\0009\000.\0003\000\040\000I\000n\000g\000e\000s\000t\000i\000n\000g\000\040\000w\000i\000t\000h\000o\000u\000t\000\040\000t\000r\000u\000s\000t\000i\000n\000g}{chapter*.63}% 50
\BOOKMARK [1][-]{section*.67}{\376\377\0009\000.\0004\000\040\000W\000h\000a\000t\000\040\000t\000h\000e\000\040\000o\000p\000e\000r\000a\000t\000o\000r\000\040\000t\000a\000k\000e\000s\000\040\000o\000n}{chapter*.63}% 51
\BOOKMARK [0][-]{chapter*.68}{\376\377\0001\0000\000.\000\040\000D\000e\000l\000e\000g\000a\000t\000i\000o\000n}{}% 52
\BOOKMARK [1][-]{section*.69}{\376\377\0001\0000\000.\0001\000\040\000T\000h\000e\000\040\000t\000r\000i\000f\000e\000c\000t\000a}{chapter*.68}% 53
\BOOKMARK [1][-]{section*.70}{\376\377\0001\0000\000.\0002\000\040\000R\000e\000q\000u\000e\000s\000t\000,\000\040\000d\000o\000n\000'\000t\000\040\000a\000u\000t\000h\000o\000r}{chapter*.68}% 54
\BOOKMARK [1][-]{section*.71}{\376\377\0001\0000\000.\0003\000\040\000S\000i\000b\000l\000i\000n\000g\000s\000,\000\040\000n\000o\000t\000\040\000c\000h\000i\000l\000d\000r\000e\000n}{chapter*.68}% 55
\BOOKMARK [1][-]{section*.72}{\376\377\0001\0000\000.\0004\000\040\000T\000h\000e\000\040\000r\000e\000s\000i\000d\000u\000a\000l}{chapter*.68}% 56
\BOOKMARK [0][-]{chapter*.73}{\376\377\0001\0001\000.\000\040\000T\000h\000e\000\040\000c\000a\000p\000a\000b\000i\000l\000i\000t\000y\000\040\000m\000e\000s\000h}{}% 57
\BOOKMARK [1][-]{section*.74}{\376\377\0001\0001\000.\0001\000\040\000N\000a\000m\000e\000,\000\040\000n\000o\000t\000\040\000p\000e\000e\000r}{chapter*.73}% 58
\BOOKMARK [1][-]{section*.75}{\376\377\0001\0001\000.\0002\000\040\000R\000e\000s\000o\000l\000u\000t\000i\000o\000n\000\040\000i\000s\000\040\000r\000u\000n\000t\000i\000m\000e}{chapter*.73}% 59
\BOOKMARK [1][-]{section*.76}{\376\377\0001\0001\000.\0003\000\040\000T\000y\000p\000e\000d\000\040\000s\000h\000a\000p\000e\000s}{chapter*.73}% 60
\BOOKMARK [1][-]{section*.77}{\376\377\0001\0001\000.\0004\000\040\000T\000h\000e\000\040\000s\000t\000a\000n\000d\000i\000n\000g\000\040\000p\000r\000o\000v\000i\000d\000e\000r}{chapter*.73}% 61
\BOOKMARK [0][-]{section*.78}{\376\377\000P\000a\000r\000t\000\040\000I\000I\000I\000\040\000T\000h\000e\000\040\000d\000e\000c\000l\000a\000r\000e\000d\000\040\000g\000r\000a\000n\000t}{}% 62
\BOOKMARK [0][-]{chapter*.79}{\376\377\0001\0002\000.\000\040\000D\000e\000f\000i\000n\000i\000n\000g\000\040\000c\000o\000n\000f\000i\000n\000e\000m\000e\000n\000t}{}% 63
\BOOKMARK [1][-]{section*.80}{\376\377\0001\0002\000.\0001\000\040\000I\000n\000t\000e\000n\000t\000,\000\040\000n\000o\000t\000\040\000m\000a\000c\000h\000i\000n\000e\000r\000y}{chapter*.79}% 64
\BOOKMARK [1][-]{section*.81}{\376\377\0001\0002\000.\0002\000\040\000D\000e\000l\000t\000a\000s\000\040\000c\000a\000r\000r\000y\000\040\000t\000h\000e\000i\000r\000\040\000r\000e\000a\000s\000o\000n}{chapter*.79}% 65
\BOOKMARK [1][-]{section*.82}{\376\377\0001\0002\000.\0003\000\040\000I\000n\000h\000e\000r\000i\000t\000a\000n\000c\000e\000\040\000a\000n\000d\000\040\000t\000h\000e\000\040\000f\000l\000o\000o\000r}{chapter*.79}% 66
\BOOKMARK [0][-]{chapter*.83}{\376\377\0001\0003\000.\000\040\000T\000h\000e\000\040\000s\000e\000t\000t\000l\000e\000d\000\040\000p\000o\000l\000i\000c\000y}{}% 67
\BOOKMARK [1][-]{section*.84}{\376\377\0001\0003\000.\0001\000\040\000W\000h\000a\000t\000\040\000c\000o\000m\000p\000i\000l\000a\000t\000i\000o\000n\000\040\000p\000r\000o\000d\000u\000c\000e\000s}{chapter*.83}% 68
\BOOKMARK [1][-]{section*.85}{\376\377\0001\0003\000.\0002\000\040\000T\000h\000e\000\040\000s\000i\000g\000n\000a\000t\000u\000r\000e\000\040\000a\000n\000d\000\040\000t\000h\000e\000\040\000f\000l\000o\000o\000r}{chapter*.83}% 69
\BOOKMARK [1][-]{section*.86}{\376\377\0001\0003\000.\0003\000\040\000F\000a\000i\000l\000-\000c\000l\000o\000s\000e\000d}{chapter*.83}% 70
\BOOKMARK [1][-]{section*.87}{\376\377\0001\0003\000.\0004\000\040\000A\000u\000t\000h\000o\000r\000e\000d\000\040\000i\000n\000\040\000o\000n\000e\000\040\000p\000l\000a\000c\000e\000,\000\040\000e\000n\000f\000o\000r\000c\000e\000d\000\040\000i\000n\000\040\000a\000n\000o\000t\000h\000e\000r}{chapter*.83}% 71
\BOOKMARK [0][-]{chapter*.88}{\376\377\0001\0004\000.\000\040\000T\000r\000u\000s\000t\000\040\000a\000n\000d\000\040\000c\000o\000n\000s\000e\000n\000t}{}% 72
\BOOKMARK [1][-]{section*.89}{\376\377\0001\0004\000.\0001\000\040\000T\000h\000e\000\040\000t\000r\000u\000s\000t\000\040\000r\000o\000o\000t}{chapter*.88}% 73
\BOOKMARK [1][-]{section*.90}{\376\377\0001\0004\000.\0002\000\040\000W\000h\000a\000t\000\040\000c\000r\000o\000s\000s\000e\000s}{chapter*.88}% 74
\BOOKMARK [1][-]{section*.91}{\376\377\0001\0004\000.\0003\000\040\000W\000h\000a\000t\000\040\000t\000h\000e\000\040\000t\000i\000e\000r\000s\000\040\000a\000r\000e\000\040\000f\000o\000r}{chapter*.88}% 75
\BOOKMARK [1][-]{section*.92}{\376\377\0001\0004\000.\0004\000\040\000S\000m\000a\000l\000l\000\040\000e\000n\000o\000u\000g\000h\000\040\000t\000o\000\040\000t\000r\000u\000s\000t}{chapter*.88}% 76
\BOOKMARK [0][-]{chapter*.93}{\376\377\0001\0005\000.\000\040\000K\000e\000y\000s}{}% 77
\BOOKMARK [1][-]{section*.94}{\376\377\0001\0005\000.\0001\000\040\000T\000r\000u\000s\000t\000\040\000i\000s\000\040\000p\000l\000a\000c\000e\000d\000,\000\040\000n\000o\000t\000\040\000m\000i\000n\000t\000e\000d}{chapter*.93}% 78
\BOOKMARK [1][-]{section*.95}{\376\377\0001\0005\000.\0002\000\040\000T\000h\000e\000\040\000h\000i\000e\000r\000a\000r\000c\000h\000y\000\040\000o\000f\000\040\000l\000o\000c\000a\000t\000i\000o\000n\000s}{chapter*.93}% 79
\BOOKMARK [1][-]{section*.96}{\376\377\0001\0005\000.\0003\000\040\000A\000d\000m\000i\000s\000s\000i\000o\000n\000,\000\040\000n\000o\000t\000\040\000t\000e\000r\000m\000i\000n\000a\000t\000i\000o\000n}{chapter*.93}% 80
\BOOKMARK [1][-]{section*.97}{\376\377\0001\0005\000.\0004\000\040\000K\000e\000y\000s\000\040\000o\000v\000e\000r\000\040\000t\000i\000m\000e}{chapter*.93}% 81
\BOOKMARK [0][-]{chapter*.98}{\376\377\0001\0006\000.\000\040\000A\000u\000d\000i\000t\000s}{}% 82
\BOOKMARK [1][-]{section*.99}{\376\377\0001\0006\000.\0001\000\040\000T\000h\000e\000\040\000r\000e\000c\000o\000r\000d\000\040\000o\000f\000\040\000m\000e\000d\000i\000a\000t\000i\000o\000n}{chapter*.98}% 83
\BOOKMARK [1][-]{section*.100}{\376\377\0001\0006\000.\0002\000\040\000W\000r\000i\000t\000t\000e\000n\000\040\000b\000y\000\040\000t\000h\000e\000\040\000t\000r\000u\000s\000t\000e\000d\000\040\000s\000i\000d\000e}{chapter*.98}% 84
\BOOKMARK [1][-]{section*.101}{\376\377\0001\0006\000.\0003\000\040\000D\000e\000c\000i\000s\000i\000o\000n\000s\000,\000\040\000n\000o\000t\000\040\000c\000o\000n\000t\000e\000n\000t\000s}{chapter*.98}% 85
\BOOKMARK [1][-]{section*.102}{\376\377\0001\0006\000.\0004\000\040\000A\000\040\000r\000e\000c\000o\000r\000d\000\040\000m\000a\000d\000e\000\040\000t\000o\000\040\000b\000e\000\040\000u\000s\000e\000d}{chapter*.98}% 86
\BOOKMARK [1][-]{section*.103}{\376\377\0001\0006\000.\0005\000\040\000W\000h\000a\000t\000\040\000t\000h\000e\000\040\000r\000e\000c\000o\000r\000d\000\040\000d\000o\000e\000s\000\040\000n\000o\000t\000\040\000c\000l\000a\000i\000m}{chapter*.98}% 87
\BOOKMARK [0][-]{chapter*.104}{\376\377\000R\000e\000f\000e\000r\000e\000n\000c\000e\000s}{}% 88
