\BOOKMARK [0][-]{chapter*.3}{\376\377\000P\000r\000o\000j\000e\000c\000t\000\040\000K\000e\000n\000n\000e\000l\000:\000\040\000C\000o\000n\000s\000t\000r\000u\000c\000t\000i\000o\000n\000\040\000P\000r\000i\000n\000c\000i\000p\000l\000e\000s}{}% 1
\BOOKMARK [1][-]{section*.4}{\376\377\000S\000t\000a\000n\000c\000e}{chapter*.3}% 2
\BOOKMARK [1][-]{section*.7}{\376\377\000S\000u\000p\000p\000l\000y}{chapter*.3}% 3
\BOOKMARK [1][-]{section*.10}{\376\377\000C\000o\000n\000s\000t\000r\000u\000c\000t\000i\000o\000n}{chapter*.3}% 4
\BOOKMARK [0][-]{section*.15}{\376\377\000P\000a\000r\000t\000\040\000I\000\040\000T\000h\000e\000\040\000m\000a\000c\000h\000i\000n\000e\000r\000y}{}% 5
\BOOKMARK [0][-]{chapter*.16}{\376\377\0001\000.\000\040\000I\000n\000t\000o\000\040\000t\000h\000e\000\040\000m\000a\000c\000h\000i\000n\000e}{}% 6
\BOOKMARK [1][-]{section*.17}{\376\377\0001\000.\0001\000\040\000W\000h\000a\000t\000\040\000c\000o\000u\000n\000t\000s\000\040\000a\000s\000\040\000a\000\040\000c\000o\000n\000t\000r\000o\000l}{chapter*.16}% 7
\BOOKMARK [1][-]{section*.18}{\376\377\0001\000.\0002\000\040\000T\000h\000e\000\040\000c\000o\000n\000s\000t\000r\000u\000c\000t\000i\000o\000n\000\040\000f\000a\000c\000i\000l\000i\000t\000i\000e\000s}{chapter*.16}% 8
\BOOKMARK [1][-]{section*.19}{\376\377\0001\000.\0003\000\040\000T\000h\000e\000\040\000i\000n\000t\000e\000r\000p\000o\000s\000i\000t\000i\000o\000n\000\040\000f\000a\000c\000i\000l\000i\000t\000i\000e\000s}{chapter*.16}% 9
\BOOKMARK [1][-]{section*.20}{\376\377\0001\000.\0004\000\040\000B\000i\000n\000d\000e\000r}{chapter*.16}% 10
\BOOKMARK [1][-]{section*.21}{\376\377\0001\000.\0005\000\040\000P\000r\000i\000v\000i\000l\000e\000g\000e\000\040\000a\000n\000d\000\040\000i\000d\000e\000n\000t\000i\000t\000y}{chapter*.16}% 11
\BOOKMARK [1][-]{section*.22}{\376\377\0001\000.\0006\000\040\000T\000h\000e\000\040\000w\000e\000a\000v\000e}{chapter*.16}% 12
\BOOKMARK [1][-]{section*.23}{\376\377\0001\000.\0007\000\040\000T\000h\000e\000\040\000k\000e\000r\000n\000e\000l\000\040\000f\000l\000o\000o\000r}{chapter*.16}% 13
\BOOKMARK [1][-]{section*.24}{\376\377\0001\000.\0008\000\040\000T\000h\000e\000\040\000s\000a\000m\000e\000\040\000w\000e\000a\000v\000e\000\040\000e\000l\000s\000e\000w\000h\000e\000r\000e}{chapter*.16}% 14
\BOOKMARK [0][-]{chapter*.25}{\376\377\0002\000.\000\040\000P\000r\000o\000c\000e\000s\000s\000\040\000a\000n\000d\000\040\000p\000r\000i\000v\000i\000l\000e\000g\000e\000\040\000m\000o\000d\000e\000l}{}% 15
\BOOKMARK [1][-]{section*.26}{\376\377\0002\000.\0001\000\040\000T\000h\000e\000\040\000p\000r\000o\000c\000e\000s\000s\000e\000s}{chapter*.25}% 16
\BOOKMARK [1][-]{section*.27}{\376\377\0002\000.\0002\000\040\000O\000n\000e\000\040\000p\000r\000i\000v\000i\000l\000e\000g\000e\000d\000\040\000c\000o\000m\000p\000o\000n\000e\000n\000t}{chapter*.25}% 17
\BOOKMARK [1][-]{section*.28}{\376\377\0002\000.\0003\000\040\000T\000h\000e\000\040\000f\000a\000c\000t\000o\000r\000y\000:\000\040\000p\000r\000i\000v\000i\000l\000e\000g\000e\000\040\000b\000o\000u\000n\000d\000e\000d\000\040\000t\000o\000\040\000o\000n\000e\000\040\000c\000o\000n\000s\000t\000r\000u\000c\000t\000i\000o\000n}{chapter*.25}% 18
\BOOKMARK [1][-]{section*.29}{\376\377\0002\000.\0004\000\040\000T\000h\000e\000\040\000t\000r\000u\000s\000t\000e\000d\000\040\000i\000n\000i\000t\000\040\000a\000n\000d\000\040\000t\000h\000e\000\040\000d\000r\000o\000p}{chapter*.25}% 19
\BOOKMARK [1][-]{section*.30}{\376\377\0002\000.\0005\000\040\000T\000w\000o\000\040\000i\000d\000e\000n\000t\000i\000t\000i\000e\000s\000,\000\040\000n\000o\000t\000\040\000o\000n\000e}{chapter*.25}% 20
\BOOKMARK [1][-]{section*.31}{\376\377\0002\000.\0006\000\040\000T\000h\000e\000\040\000u\000n\000s\000a\000f\000e\000\040\000a\000t\000\040\000t\000h\000i\000s\000\040\000l\000a\000y\000e\000r}{chapter*.25}% 21
\BOOKMARK [0][-]{chapter*.32}{\376\377\0003\000.\000\040\000B\000i\000n\000d\000e\000r\000'\000s\000\040\000N\000o\000d\000e\000\040\0000}{}% 22
\BOOKMARK [1][-]{section*.33}{\376\377\0003\000.\0000\000\040\000W\000h\000a\000t\000\040\000b\000i\000n\000d\000e\000r\000\040\000i\000s}{chapter*.32}% 23
\BOOKMARK [1][-]{section*.34}{\376\377\0003\000.\0001\000\040\000F\000r\000o\000m\000\040\000c\000o\000n\000n\000e\000c\000t\000\040\000t\000o\000\040\000c\000a\000l\000l}{chapter*.32}% 24
\BOOKMARK [1][-]{section*.35}{\376\377\0003\000.\0002\000\040\000T\000h\000e\000\040\000b\000u\000s\000\040\000e\000a\000c\000h\000\040\000k\000e\000n\000n\000e\000l\000\040\000g\000e\000t\000s}{chapter*.32}% 25
\BOOKMARK [1][-]{section*.36}{\376\377\0003\000.\0003\000\040\000k\000e\000n\000n\000e\000l\000d\000\040\000o\000n\000\040\000n\000o\000d\000e\000\040\0000}{chapter*.32}% 26
\BOOKMARK [1][-]{section*.37}{\376\377\0003\000.\0004\000\040\000A\000\040\000t\000r\000a\000n\000s\000a\000c\000t\000i\000o\000n\000\040\000a\000c\000r\000o\000s\000s\000\040\000t\000h\000e\000\040\000b\000o\000u\000n\000d\000a\000r\000y}{chapter*.32}% 27
\BOOKMARK [1][-]{section*.38}{\376\377\0003\000.\0005\000\040\000C\000o\000n\000t\000r\000o\000l\000\040\000p\000l\000a\000n\000e\000,\000\040\000n\000o\000t\000\040\000d\000a\000t\000a\000\040\000p\000l\000a\000n\000e}{chapter*.32}% 28
\BOOKMARK [1][-]{section*.39}{\376\377\0003\000.\0006\000\040\000T\000h\000e\000\040\000c\000r\000a\000t\000e\000\040\000a\000n\000d\000\040\000t\000h\000e\000\040\000u\000n\000s\000a\000f\000e}{chapter*.32}% 29
\BOOKMARK [0][-]{chapter*.40}{\376\377\0004\000.\000\040\000T\000h\000e\000\040\000t\000r\000u\000s\000t\000e\000d\000\040\000b\000a\000s\000e}{}% 30
\BOOKMARK [1][-]{section*.41}{\376\377\0004\000.\0001\000\040\000W\000h\000a\000t\000\040\000c\000o\000u\000n\000t\000s\000\040\000a\000s\000\040\000t\000r\000u\000s\000t\000e\000d}{chapter*.40}% 31
\BOOKMARK [1][-]{section*.42}{\376\377\0004\000.\0002\000\040\000T\000h\000e\000\040\000v\000e\000n\000d\000o\000r\000e\000d\000\040\000t\000r\000u\000t\000h}{chapter*.40}% 32
\BOOKMARK [1][-]{section*.43}{\376\377\0004\000.\0003\000\040\000T\000h\000e\000\040\000e\000m\000p\000t\000y\000\040\000i\000n\000t\000e\000r\000s\000e\000c\000t\000i\000o\000n}{chapter*.40}% 33
\BOOKMARK [1][-]{section*.44}{\376\377\0004\000.\0004\000\040\000T\000h\000e\000\040\000u\000n\000s\000a\000f\000e\000,\000\040\000q\000u\000a\000r\000a\000n\000t\000i\000n\000e\000d}{chapter*.40}% 34
\BOOKMARK [1][-]{section*.45}{\376\377\0004\000.\0005\000\040\000T\000h\000e\000\040\000s\000h\000a\000p\000e\000\040\000o\000f\000\040\000t\000h\000e\000\040\000w\000o\000r\000k\000s\000p\000a\000c\000e}{chapter*.40}% 35
\BOOKMARK [0][-]{chapter*.46}{\376\377\0005\000.\000\040\000T\000h\000e\000\040\000c\000o\000m\000m\000a\000n\000d\000\040\000s\000u\000r\000f\000a\000c\000e}{}% 36
\BOOKMARK [1][-]{section*.47}{\376\377\0005\000.\0001\000\040\000T\000h\000e\000\040\000s\000h\000i\000m}{chapter*.46}% 37
\BOOKMARK [1][-]{section*.48}{\376\377\0005\000.\0002\000\040\000O\000u\000t\000s\000i\000d\000e\000\040\000t\000h\000e\000\040\000t\000r\000u\000s\000t\000e\000d\000\040\000b\000a\000s\000e}{chapter*.46}% 38
\BOOKMARK [1][-]{section*.49}{\376\377\0005\000.\0003\000\040\000T\000h\000e\000\040\000c\000o\000n\000t\000r\000o\000l\000\040\000p\000r\000o\000t\000o\000c\000o\000l}{chapter*.46}% 39
\BOOKMARK [1][-]{section*.50}{\376\377\0005\000.\0004\000\040\000T\000h\000e\000\040\000v\000e\000r\000b\000s}{chapter*.46}% 40
\BOOKMARK [0][-]{section*.51}{\376\377\000P\000a\000r\000t\000\040\000I\000I\000\040\000T\000h\000e\000\040\000r\000e\000s\000o\000u\000r\000c\000e\000\040\000c\000l\000a\000s\000s\000e\000s}{}% 41
\BOOKMARK [0][-]{chapter*.52}{\376\377\0006\000.\000\040\000T\000h\000e\000\040\000f\000i\000l\000e\000s\000y\000s\000t\000e\000m}{}% 42
\BOOKMARK [1][-]{section*.53}{\376\377\0006\000.\0001\000\040\000T\000h\000e\000\040\000v\000i\000e\000w\000\040\000a\000n\000d\000\040\000t\000h\000e\000\040\000a\000c\000c\000e\000s\000s}{chapter*.52}% 43
\BOOKMARK [1][-]{section*.54}{\376\377\0006\000.\0002\000\040\000T\000h\000e\000\040\000c\000o\000n\000s\000t\000r\000u\000c\000t\000e\000d\000\040\000h\000o\000m\000e}{chapter*.52}% 44
\BOOKMARK [1][-]{section*.55}{\376\377\0006\000.\0003\000\040\000W\000r\000i\000t\000a\000b\000l\000e\000,\000\040\000b\000u\000t\000\040\000e\000p\000h\000e\000m\000e\000r\000a\000l}{chapter*.52}% 45
\BOOKMARK [1][-]{section*.56}{\376\377\0006\000.\0004\000\040\000D\000e\000n\000i\000a\000l\000s\000\040\000a\000n\000d\000\040\000t\000h\000e\000\040\000p\000s\000e\000u\000d\000o\000-\000f\000i\000l\000e\000s\000y\000s\000t\000e\000m\000s}{chapter*.52}% 46
\BOOKMARK [1][-]{section*.57}{\376\377\0006\000.\0005\000\040\000T\000h\000e\000\040\000t\000r\000u\000s\000t\000\040\000m\000a\000n\000i\000f\000e\000s\000t}{chapter*.52}% 47
\BOOKMARK [0][-]{chapter*.58}{\376\377\0007\000.\000\040\000E\000x\000e\000c\000u\000t\000i\000o\000n}{}% 48
\BOOKMARK [1][-]{section*.59}{\376\377\0007\000.\0001\000\040\000W\000h\000a\000t\000\040\000i\000t\000\040\000g\000a\000t\000e\000s}{chapter*.58}% 49
\BOOKMARK [1][-]{section*.60}{\376\377\0007\000.\0002\000\040\000T\000h\000e\000\040\000a\000l\000l\000o\000w\000l\000i\000s\000t\000\040\000a\000n\000d\000\040\000n\000o\000\137\000n\000e\000w\000\137\000p\000r\000i\000v\000s}{chapter*.58}% 50
\BOOKMARK [1][-]{section*.61}{\376\377\0007\000.\0003\000\040\000W\000h\000a\000t\000\040\000F\000S\000\137\000E\000X\000E\000C\000U\000T\000E\000\040\000c\000h\000e\000c\000k\000s}{chapter*.58}% 51
\BOOKMARK [1][-]{section*.62}{\376\377\0007\000.\0004\000\040\000W\000r\000i\000t\000a\000b\000l\000e\000,\000\040\000a\000n\000d\000\040\000i\000n\000t\000e\000r\000p\000r\000e\000t\000e\000d}{chapter*.58}% 52
\BOOKMARK [1][-]{section*.63}{\376\377\0007\000.\0005\000\040\000C\000o\000m\000p\000o\000s\000i\000n\000g\000\040\000t\000h\000e\000\040\000a\000l\000l\000o\000w\000l\000i\000s\000t}{chapter*.58}% 53
\BOOKMARK [0][-]{chapter*.64}{\376\377\0008\000.\000\040\000T\000h\000e\000\040\000n\000e\000t\000w\000o\000r\000k}{}% 54
\BOOKMARK [1][-]{section*.65}{\376\377\0008\000.\0001\000\040\000T\000h\000e\000\040\000f\000o\000u\000r\000\040\000m\000o\000d\000e\000s}{chapter*.64}% 55
\BOOKMARK [1][-]{section*.66}{\376\377\0008\000.\0002\000\040\000T\000h\000e\000\040\000p\000r\000o\000x\000y\000\040\000a\000s\000\040\000g\000a\000t\000e\000w\000a\000y}{chapter*.64}% 56
\BOOKMARK [1][-]{section*.67}{\376\377\0008\000.\0003\000\040\000T\000h\000e\000\040\000t\000w\000o\000\040\000A\000C\000L\000s}{chapter*.64}% 57
\BOOKMARK [1][-]{section*.68}{\376\377\0008\000.\0004\000\040\000T\000h\000e\000\040\000e\000g\000r\000e\000s\000s\000\040\000f\000l\000o\000o\000r\000\040\000a\000n\000d\000\040\000i\000t\000s\000\040\000r\000e\000s\000i\000d\000u\000a\000l\000s}{chapter*.64}% 58
\BOOKMARK [1][-]{section*.69}{\376\377\0008\000.\0005\000\040\000L\000o\000o\000p\000b\000a\000c\000k\000\040\000i\000s\000o\000l\000a\000t\000i\000o\000n}{chapter*.64}% 59
\BOOKMARK [1][-]{section*.70}{\376\377\0008\000.\0006\000\040\000B\000i\000n\000d\000i\000n\000g\000\040\000a\000n\000d\000\040\000t\000h\000e\000\040\000i\000n\000b\000o\000u\000n\000d\000\040\000m\000i\000r\000r\000o\000r}{chapter*.64}% 60
\BOOKMARK [1][-]{section*.71}{\376\377\0008\000.\0007\000\040\000S\000h\000a\000p\000i\000n\000g\000\040\000t\000h\000e\000\040\000b\000i\000n\000d}{chapter*.64}% 61
\BOOKMARK [0][-]{chapter*.72}{\376\377\0009\000.\000\040\000L\000o\000c\000a\000l\000\040\000s\000e\000r\000v\000i\000c\000e\000s}{}% 62
\BOOKMARK [1][-]{section*.73}{\376\377\0009\000.\0001\000\040\000T\000h\000e\000\040\000a\000m\000b\000i\000e\000n\000t\000\040\000s\000u\000r\000f\000a\000c\000e}{chapter*.72}% 63
\BOOKMARK [1][-]{section*.74}{\376\377\0009\000.\0002\000\040\000T\000h\000e\000\040\000b\000r\000o\000k\000e\000r\000e\000d\000-\000c\000o\000n\000n\000e\000c\000t\000\040\000f\000a\000c\000a\000d\000e}{chapter*.72}% 64
\BOOKMARK [1][-]{section*.75}{\376\377\0009\000.\0003\000\040\000T\000h\000e\000\040\000s\000e\000s\000s\000i\000o\000n\000\040\000b\000u\000s\000\040\000i\000s\000\040\000n\000o\000t\000\040\000a\000\040\000s\000o\000c\000k\000e\000t\000\040\000g\000r\000a\000n\000t}{chapter*.72}% 65
\BOOKMARK [1][-]{section*.76}{\376\377\0009\000.\0004\000\040\000A\000s\000y\000m\000m\000e\000t\000r\000y\000,\000\040\000a\000n\000d\000\040\000t\000h\000e\000\040\000r\000e\000f\000u\000s\000e\000d\000\040\000s\000e\000t}{chapter*.72}% 66
\BOOKMARK [0][-]{chapter*.77}{\376\377\0001\0000\000.\000\040\000C\000r\000y\000p\000t\000o\000g\000r\000a\000p\000h\000i\000c\000\040\000s\000e\000r\000v\000i\000c\000e\000s}{}% 67
\BOOKMARK [1][-]{section*.78}{\376\377\0001\0000\000.\0001\000\040\000T\000h\000e\000\040\000s\000i\000g\000n\000i\000n\000g\000\040\000o\000r\000a\000c\000l\000e}{chapter*.77}% 68
\BOOKMARK [1][-]{section*.79}{\376\377\0001\0000\000.\0002\000\040\000R\000e\000-\000o\000r\000i\000g\000i\000n\000a\000t\000i\000o\000n}{chapter*.77}% 69
\BOOKMARK [1][-]{section*.80}{\376\377\0001\0000\000.\0003\000\040\000W\000h\000e\000r\000e\000\040\000r\000e\000-\000o\000r\000i\000g\000i\000n\000a\000t\000i\000o\000n\000\040\000s\000t\000o\000p\000s}{chapter*.77}% 70
\BOOKMARK [1][-]{section*.81}{\376\377\0001\0000\000.\0004\000\040\000T\000h\000e\000\040\000l\000i\000n\000e\000,\000\040\000g\000e\000n\000e\000r\000a\000l\000i\000s\000e\000d}{chapter*.77}% 71
\BOOKMARK [0][-]{chapter*.82}{\376\377\0001\0001\000.\000\040\000O\000C\000I\000\040\000i\000m\000a\000g\000e\000s}{}% 72
\BOOKMARK [1][-]{section*.83}{\376\377\0001\0001\000.\0001\000\040\000B\000o\000o\000t\000i\000n\000g\000\040\000a\000n\000\040\000i\000m\000a\000g\000e\000\040\000w\000i\000t\000h\000o\000u\000t\000\040\000a\000\040\000d\000a\000e\000m\000o\000n}{chapter*.82}% 73
\BOOKMARK [1][-]{section*.84}{\376\377\0001\0001\000.\0002\000\040\000T\000h\000e\000\040\000i\000m\000a\000g\000e\000\040\000a\000s\000\040\000a\000\040\000d\000e\000c\000l\000a\000r\000e\000d\000\040\000s\000u\000b\000s\000t\000r\000a\000t\000e}{chapter*.82}% 74
\BOOKMARK [1][-]{section*.85}{\376\377\0001\0001\000.\0003\000\040\000T\000h\000e\000\040\000o\000v\000e\000r\000l\000a\000y}{chapter*.82}% 75
\BOOKMARK [1][-]{section*.86}{\376\377\0001\0001\000.\0004\000\040\000C\000l\000o\000s\000u\000r\000e\000-\000l\000o\000c\000k}{chapter*.82}% 76
\BOOKMARK [1][-]{section*.87}{\376\377\0001\0001\000.\0005\000\040\000W\000h\000a\000t\000\040\000h\000o\000l\000d\000s\000,\000\040\000a\000n\000d\000\040\000w\000h\000a\000t\000\040\000i\000s\000\040\000w\000a\000i\000v\000e\000d}{chapter*.82}% 77
\BOOKMARK [0][-]{chapter*.88}{\376\377\0001\0002\000.\000\040\000T\000h\000e\000\040\000r\000e\000m\000a\000i\000n\000i\000n\000g\000\040\000s\000u\000r\000f\000a\000c\000e\000s}{}% 78
\BOOKMARK [1][-]{section*.89}{\376\377\0001\0002\000.\0001\000\040\000W\000h\000a\000t\000\040\000t\000h\000e\000\040\000w\000o\000r\000k\000l\000o\000a\000d\000\040\000c\000a\000n\000\040\000o\000b\000s\000e\000r\000v\000e}{chapter*.88}% 79
\BOOKMARK [1][-]{section*.90}{\376\377\0001\0002\000.\0002\000\040\000W\000h\000a\000t\000\040\000t\000h\000e\000\040\000w\000o\000r\000k\000l\000o\000a\000d\000\040\000i\000n\000h\000e\000r\000i\000t\000s}{chapter*.88}% 80
\BOOKMARK [1][-]{section*.91}{\376\377\0001\0002\000.\0003\000\040\000T\000h\000e\000\040\000t\000e\000r\000m\000i\000n\000a\000l}{chapter*.88}% 81
\BOOKMARK [1][-]{section*.92}{\376\377\0001\0002\000.\0004\000\040\000C\000a\000p\000a\000b\000i\000l\000i\000t\000i\000e\000s\000,\000\040\000m\000o\000u\000n\000t\000s\000,\000\040\000a\000n\000d\000\040\000t\000h\000e\000\040\000f\000l\000o\000o\000r}{chapter*.88}% 82
\BOOKMARK [0][-]{section*.93}{\376\377\000P\000a\000r\000t\000\040\000I\000I\000I\000\040\000T\000h\000e\000\040\000i\000n\000t\000e\000r\000p\000l\000a\000y}{}% 83
\BOOKMARK [0][-]{chapter*.94}{\376\377\0001\0003\000.\000\040\000D\000y\000n\000a\000m\000i\000c\000\040\000s\000p\000a\000w\000n\000i\000n\000g}{}% 84
\BOOKMARK [1][-]{section*.95}{\376\377\0001\0003\000.\0001\000\040\000T\000h\000e\000\040\000t\000r\000i\000f\000e\000c\000t\000a\000,\000\040\000s\000p\000l\000i\000t}{chapter*.94}% 85
\BOOKMARK [1][-]{section*.96}{\376\377\0001\0003\000.\0002\000\040\000R\000e\000q\000u\000e\000s\000t\000,\000\040\000d\000o\000n\000'\000t\000\040\000a\000u\000t\000h\000o\000r}{chapter*.94}% 86
\BOOKMARK [1][-]{section*.97}{\376\377\0001\0003\000.\0003\000\040\000T\000h\000e\000\040\000h\000a\000n\000d\000o\000f\000f\000,\000\040\000a\000n\000d\000\040\000t\000h\000e\000\040\000d\000a\000e\000m\000o\000n\000\040\000o\000u\000t\000\040\000o\000f\000\040\000t\000h\000e\000\040\000p\000a\000t\000h}{chapter*.94}% 87
\BOOKMARK [1][-]{section*.98}{\376\377\0001\0003\000.\0004\000\040\000E\000p\000h\000e\000m\000e\000r\000a\000l\000i\000t\000y\000,\000\040\000f\000a\000t\000e\000-\000s\000h\000a\000r\000i\000n\000g\000,\000\040\000a\000n\000d\000\040\000t\000h\000e\000\040\000d\000e\000p\000t\000h\000\040\000b\000o\000u\000n\000d}{chapter*.94}% 88
\BOOKMARK [0][-]{chapter*.99}{\376\377\0001\0004\000.\000\040\000T\000h\000e\000\040\000s\000e\000r\000v\000i\000c\000e\000\040\000m\000e\000s\000h}{}% 89
\BOOKMARK [1][-]{section*.100}{\376\377\0001\0004\000.\0001\000\040\000C\000o\000m\000p\000i\000l\000e\000-\000l\000o\000c\000a\000l\000,\000\040\000r\000e\000s\000o\000l\000v\000e\000\040\000a\000t\000\040\000r\000u\000n\000t\000i\000m\000e}{chapter*.99}% 90
\BOOKMARK [1][-]{section*.101}{\376\377\0001\0004\000.\0002\000\040\000D\000e\000n\000y\000-\000b\000y\000-\000d\000e\000f\000a\000u\000l\000t\000\040\000a\000n\000d\000\040\000t\000h\000e\000\040\000b\000r\000o\000k\000e\000r}{chapter*.99}% 91
\BOOKMARK [1][-]{section*.102}{\376\377\0001\0004\000.\0003\000\040\000T\000h\000e\000\040\000c\000a\000t\000a\000l\000o\000g\000u\000e\000\040\000i\000s\000\040\000t\000h\000e\000\040\000f\000i\000l\000e\000s\000y\000s\000t\000e\000m}{chapter*.99}% 92
\BOOKMARK [1][-]{section*.103}{\376\377\0001\0004\000.\0004\000\040\000S\000u\000p\000e\000r\000v\000i\000s\000i\000o\000n\000\040\000a\000n\000d\000\040\000t\000h\000e\000\040\000s\000e\000r\000v\000i\000c\000e\000-\000k\000e\000n\000n\000e\000l\000\040\000t\000r\000u\000s\000t\000\040\000c\000l\000a\000s\000s}{chapter*.99}% 93
\BOOKMARK [1][-]{section*.104}{\376\377\0001\0004\000.\0005\000\040\000T\000h\000e\000\040\000a\000f\000-\000u\000n\000i\000x\000\040\000s\000h\000a\000p\000e}{chapter*.99}% 94
\BOOKMARK [1][-]{section*.105}{\376\377\0001\0004\000.\0006\000\040\000T\000h\000e\000\040\000m\000e\000s\000h\000\040\000b\000u\000s}{chapter*.99}% 95
\BOOKMARK [1][-]{section*.106}{\376\377\0001\0004\000.\0007\000\040\000T\000h\000e\000\040\000b\000r\000o\000k\000e\000r\000e\000d\000\040\000s\000h\000a\000p\000e\000s}{chapter*.99}% 96
\BOOKMARK [0][-]{chapter*.107}{\376\377\0001\0005\000.\000\040\000T\000h\000e\000\040\000i\000n\000t\000e\000r\000p\000o\000s\000e\000d\000\040\000s\000u\000r\000f\000a\000c\000e}{}% 97
\BOOKMARK [1][-]{section*.108}{\376\377\0001\0005\000.\0001\000\040\000T\000h\000e\000\040\000d\000i\000s\000p\000l\000a\000y\000\040\000s\000e\000r\000v\000e\000r\000\040\000i\000s\000\040\000c\000o\000n\000s\000t\000r\000u\000c\000t\000e\000d\000,\000\040\000n\000o\000t\000\040\000g\000r\000a\000n\000t\000e\000d}{chapter*.107}% 98
\BOOKMARK [1][-]{section*.109}{\376\377\0001\0005\000.\0002\000\040\000T\000h\000e\000\040\000n\000e\000s\000t\000e\000d\000\040\000c\000o\000m\000p\000o\000s\000i\000t\000o\000r\000\040\000a\000n\000d\000\040\000t\000h\000e\000\040\000b\000r\000o\000k\000e\000r\000e\000d\000\040\000l\000e\000g}{chapter*.107}% 99
\BOOKMARK [1][-]{section*.110}{\376\377\0001\0005\000.\0003\000\040\000T\000h\000e\000\040\000i\000n\000v\000a\000r\000i\000a\000n\000t\000,\000\040\000a\000n\000d\000\040\000w\000h\000e\000r\000e\000\040\000t\000h\000e\000\040\000e\000n\000f\000o\000r\000c\000e\000r\000\040\000r\000u\000n\000s}{chapter*.107}% 100
\BOOKMARK [1][-]{section*.111}{\376\377\0001\0005\000.\0004\000\040\000I\000s\000o\000l\000a\000t\000i\000o\000n\000,\000\040\000t\000h\000e\000\040\000h\000o\000s\000t\000\040\000l\000e\000g\000,\000\040\000a\000n\000d\000\040\000t\000h\000e\000\040\000t\000r\000u\000s\000t\000\040\000c\000l\000a\000s\000s}{chapter*.107}% 101
\BOOKMARK [1][-]{section*.112}{\376\377\0001\0005\000.\0005\000\040\000T\000h\000e\000\040\000s\000u\000r\000f\000a\000c\000e\000s\000\040\000a\000h\000e\000a\000d}{chapter*.107}% 102
\BOOKMARK [0][-]{section*.113}{\376\377\000P\000a\000r\000t\000\040\000I\000V\000\040\000T\000h\000e\000\040\000l\000a\000n\000g\000u\000a\000g\000e\000\040\000a\000n\000d\000\040\000t\000h\000e\000\040\000t\000o\000o\000l\000s}{}% 103
\BOOKMARK [0][-]{chapter*.114}{\376\377\0001\0006\000.\000\040\000T\000h\000e\000\040\000p\000o\000l\000i\000c\000y\000\040\000c\000o\000m\000p\000i\000l\000e\000r}{}% 104
\BOOKMARK [1][-]{section*.115}{\376\377\0001\0006\000.\0001\000\040\000T\000h\000e\000\040\000a\000u\000t\000h\000o\000r\000e\000d\000\040\000a\000r\000t\000e\000f\000a\000c\000t\000\040\000a\000n\000d\000\040\000t\000h\000e\000\040\000e\000n\000f\000o\000r\000c\000e\000d\000\040\000a\000r\000t\000e\000f\000a\000c\000t}{chapter*.114}% 105
\BOOKMARK [1][-]{section*.116}{\376\377\0001\0006\000.\0002\000\040\000T\000h\000e\000\040\000f\000o\000l\000d}{chapter*.114}% 106
\BOOKMARK [1][-]{section*.117}{\376\377\0001\0006\000.\0003\000\040\000T\000h\000e\000\040\000s\000i\000g\000n\000a\000t\000u\000r\000e\000\040\000i\000s\000\040\000t\000h\000e\000\040\000c\000o\000m\000m\000i\000t\000m\000e\000n\000t}{chapter*.114}% 107
\BOOKMARK [1][-]{section*.118}{\376\377\0001\0006\000.\0004\000\040\000L\000i\000n\000t\000\040\000a\000n\000d\000\040\000t\000h\000e\000\040\000f\000o\000o\000t\000g\000u\000n\000\040\000w\000a\000r\000n\000i\000n\000g\000s}{chapter*.114}% 108
\BOOKMARK [1][-]{section*.119}{\376\377\0001\0006\000.\0005\000\040\000T\000h\000e\000\040\000c\000o\000m\000p\000i\000l\000e\000r\000\040\000i\000s\000\040\000o\000u\000t\000\040\000o\000f\000\040\000t\000h\000e\000\040\000t\000r\000u\000s\000t\000e\000d\000\040\000b\000a\000s\000e}{chapter*.114}% 109
\BOOKMARK [0][-]{chapter*.120}{\376\377\0001\0007\000.\000\040\000T\000h\000e\000\040\000s\000e\000t\000t\000l\000e\000d\000\040\000a\000r\000t\000e\000f\000a\000c\000t}{}% 110
\BOOKMARK [1][-]{section*.121}{\376\377\0001\0007\000.\0001\000\040\000T\000h\000e\000\040\000c\000a\000n\000o\000n\000i\000c\000a\000l\000\040\000b\000o\000d\000y\000\040\000a\000n\000d\000\040\000i\000t\000s\000\040\000s\000i\000g\000n\000a\000t\000u\000r\000e}{chapter*.120}% 111
\BOOKMARK [1][-]{section*.122}{\376\377\0001\0007\000.\0002\000\040\000W\000h\000a\000t\000\040\000t\000h\000e\000\040\000r\000u\000n\000t\000i\000m\000e\000\040\000d\000o\000e\000s\000\040\000w\000i\000t\000h\000\040\000i\000t}{chapter*.120}% 112
\BOOKMARK [1][-]{section*.123}{\376\377\0001\0007\000.\0003\000\040\000A\000\040\000s\000i\000g\000n\000a\000t\000u\000r\000e\000\040\000i\000s\000\040\000n\000o\000t\000\040\000a\000\040\000s\000a\000f\000e\000t\000y\000\040\000p\000r\000o\000o\000f}{chapter*.120}% 113
\BOOKMARK [1][-]{section*.124}{\376\377\0001\0007\000.\0004\000\040\000P\000r\000o\000v\000e\000n\000a\000n\000c\000e\000\040\000a\000n\000d\000\040\000a\000t\000t\000e\000s\000t\000a\000t\000i\000o\000n}{chapter*.120}% 114
\BOOKMARK [0][-]{chapter*.125}{\376\377\0001\0008\000.\000\040\000T\000h\000e\000\040\000k\000e\000y\000s}{}% 115
\BOOKMARK [1][-]{section*.126}{\376\377\0001\0008\000.\0001\000\040\000T\000h\000e\000\040\000k\000e\000y\000\040\000a\000n\000d\000\040\000i\000t\000s\000\040\000i\000d\000e\000n\000t\000i\000t\000y}{chapter*.125}% 116
\BOOKMARK [1][-]{section*.127}{\376\377\0001\0008\000.\0002\000\040\000T\000h\000e\000\040\000t\000h\000r\000e\000e\000\040\000t\000i\000e\000r\000s}{chapter*.125}% 117
\BOOKMARK [1][-]{section*.128}{\376\377\0001\0008\000.\0003\000\040\000R\000o\000t\000a\000t\000i\000o\000n\000\040\000a\000n\000d\000\040\000r\000e\000v\000o\000c\000a\000t\000i\000o\000n}{chapter*.125}% 118
\BOOKMARK [1][-]{section*.129}{\376\377\0001\0008\000.\0004\000\040\000T\000h\000e\000\040\000h\000o\000n\000e\000s\000t\000y\000\040\000b\000o\000u\000n\000d}{chapter*.125}% 119
\BOOKMARK [0][-]{chapter*.130}{\376\377\0001\0009\000.\000\040\000T\000h\000e\000\040\000a\000u\000d\000i\000t\000\040\000a\000c\000c\000o\000u\000n\000t}{}% 120
\BOOKMARK [1][-]{section*.131}{\376\377\0001\0009\000.\0001\000\040\000T\000h\000e\000\040\000r\000i\000s\000k\000\040\000r\000e\000p\000o\000r\000t}{chapter*.130}% 121
\BOOKMARK [1][-]{section*.132}{\376\377\0001\0009\000.\0002\000\040\000T\000h\000e\000\040\000a\000u\000d\000i\000t\000\040\000l\000o\000g}{chapter*.130}% 122
\BOOKMARK [1][-]{section*.133}{\376\377\0001\0009\000.\0003\000\040\000W\000h\000a\000t\000\040\000t\000h\000e\000\040\000a\000c\000c\000o\000u\000n\000t\000\040\000i\000s\000\040\000f\000o\000r\000,\000\040\000a\000n\000d\000\040\000w\000h\000e\000r\000e\000\040\000i\000t\000\040\000s\000t\000o\000p\000s}{chapter*.130}% 123
\BOOKMARK [0][-]{section*.134}{\376\377\000P\000a\000r\000t\000\040\000V\000\040\000P\000o\000l\000i\000c\000y\000\040\000r\000e\000f\000e\000r\000e\000n\000c\000e}{}% 124
\BOOKMARK [0][-]{chapter*.135}{\376\377\0002\0000\000.\000\040\000T\000h\000e\000\040\000p\000o\000l\000i\000c\000y\000\040\000l\000a\000n\000g\000u\000a\000g\000e}{}% 125
\BOOKMARK [1][-]{section*.136}{\376\377\000[\000a\000u\000d\000i\000t\000]}{chapter*.135}% 126
\BOOKMARK [1][-]{section*.141}{\376\377\000[\000c\000a\000p\000]}{chapter*.135}% 127
\BOOKMARK [1][-]{section*.142}{\376\377\000[\000[\000c\000o\000n\000s\000u\000m\000e\000s\000]\000]}{chapter*.135}% 128
\BOOKMARK [1][-]{section*.143}{\376\377\000[\000d\000b\000u\000s\000]}{chapter*.135}% 129
\BOOKMARK [1][-]{section*.147}{\376\377\000[\000e\000n\000v\000]}{chapter*.135}% 130
\BOOKMARK [1][-]{section*.148}{\376\377\000[\000e\000x\000e\000c\000]}{chapter*.135}% 131
\BOOKMARK [1][-]{section*.149}{\376\377\000[\000f\000s\000]}{chapter*.135}% 132
\BOOKMARK [1][-]{section*.154}{\376\377\000[\000i\000d\000e\000n\000t\000i\000t\000y\000]}{chapter*.135}% 133
\BOOKMARK [1][-]{section*.155}{\376\377\000[\000l\000i\000f\000e\000c\000y\000c\000l\000e\000]}{chapter*.135}% 134
\BOOKMARK [1][-]{section*.156}{\376\377\000[\000[\000m\000u\000t\000a\000b\000l\000e\000]\000]}{chapter*.135}% 135
\BOOKMARK [1][-]{section*.157}{\376\377\000[\000n\000e\000t\000]}{chapter*.135}% 136
\BOOKMARK [1][-]{section*.165}{\376\377\000[\000[\000p\000r\000o\000v\000i\000d\000e\000s\000]\000]}{chapter*.135}% 137
\BOOKMARK [1][-]{section*.166}{\376\377\000[\000r\000o\000o\000t\000f\000s\000]}{chapter*.135}% 138
\BOOKMARK [1][-]{section*.167}{\376\377\000[\000s\000e\000c\000c\000o\000m\000p\000]}{chapter*.135}% 139
\BOOKMARK [1][-]{section*.168}{\376\377\000[\000s\000e\000r\000v\000i\000c\000e\000]}{chapter*.135}% 140
\BOOKMARK [1][-]{section*.169}{\376\377\000[\000s\000i\000g\000n\000a\000t\000u\000r\000e\000]}{chapter*.135}% 141
\BOOKMARK [1][-]{section*.170}{\376\377\000[\000s\000p\000a\000w\000n\000]}{chapter*.135}% 142
\BOOKMARK [1][-]{section*.171}{\376\377\000[\000s\000s\000h\000]}{chapter*.135}% 143
\BOOKMARK [1][-]{section*.172}{\376\377\000[\000t\000r\000u\000s\000t\000]}{chapter*.135}% 144
\BOOKMARK [1][-]{section*.173}{\376\377\000[\000t\000t\000y\000]}{chapter*.135}% 145
\BOOKMARK [1][-]{section*.174}{\376\377\000[\000u\000n\000i\000x\000]}{chapter*.135}% 146
\BOOKMARK [1][-]{section*.175}{\376\377\000[\000u\000n\000s\000a\000f\000e\000]}{chapter*.135}% 147
\BOOKMARK [1][-]{section*.177}{\376\377\000[\000w\000o\000r\000k\000l\000o\000a\000d\000]}{chapter*.135}% 148
\BOOKMARK [1][-]{section*.178}{\376\377\000C\000o\000m\000m\000o\000n\000\040\000f\000o\000r\000m\000s}{chapter*.135}% 149
\BOOKMARK [0][-]{chapter*.179}{\376\377\0002\0001\000.\000\040\000W\000o\000r\000k\000e\000d\000\040\000e\000x\000a\000m\000p\000l\000e\000s}{}% 150
\BOOKMARK [1][-]{section*.180}{\376\377\000b\000a\000s\000e\000-\000c\000o\000n\000f\000i\000n\000e\000d\000\040\040\024\000\040\000t\000h\000e\000\040\000f\000l\000o\000o\000r\000\040\000e\000v\000e\000r\000y\000\040\000k\000e\000n\000n\000e\000l\000\040\000s\000t\000a\000n\000d\000s\000\040\000o\000n}{chapter*.179}% 151
\BOOKMARK [1][-]{section*.191}{\376\377\000i\000n\000t\000e\000r\000a\000c\000t\000i\000v\000e\000\040\000\050\000t\000e\000m\000p\000l\000a\000t\000e\000\051\000\040\040\024\000\040\000t\000h\000e\000\040\000f\000l\000o\000o\000r\000\040\000m\000a\000d\000e\000\040\000i\000n\000t\000o\000\040\000a\000\040\000u\000s\000a\000b\000l\000e\000\040\000h\000u\000m\000a\000n\000\040\000s\000h\000e\000l\000l}{chapter*.179}% 152
\BOOKMARK [1][-]{section*.198}{\376\377\000i\000n\000t\000e\000r\000a\000c\000t\000i\000v\000e\000\040\000\050\000p\000o\000l\000i\000c\000y\000\051\000\040\040\024\000\040\000t\000h\000e\000\040\000t\000h\000i\000n\000\040\000l\000e\000a\000f\000\040\000t\000h\000a\000t\000\040\000p\000i\000n\000s\000\040\000a\000\040\000w\000o\000r\000k\000l\000o\000a\000d}{chapter*.179}% 153
