This is XeTeX, Version 3.141592653-2.6-0.999995 (TeX Live 2023/Debian) (preloaded format=xelatex)
 restricted \write18 enabled.
entering extended mode
(./full.tex
LaTeX2e <2023-11-01> patch level 1
L3 programming layer <2024-01-22>
(./preamble.tex (/usr/share/texlive/texmf-dist/tex/latex/memoir/memoir.cls
Document Class: memoir 2024/01/26 v3.8.2 configurable book, report, article doc
ument class
(/usr/share/texlive/texmf-dist/tex/latex/xpatch/xpatch.sty
(/usr/share/texlive/texmf-dist/tex/latex/l3kernel/expl3.sty
(/usr/share/texlive/texmf-dist/tex/latex/l3backend/l3backend-xetex.def))
(/usr/share/texlive/texmf-dist/tex/latex/l3packages/xparse/xparse.sty)
(/usr/share/texlive/texmf-dist/tex/latex/etoolbox/etoolbox.sty))
(/usr/share/texlive/texmf-dist/tex/generic/iftex/iftex.sty)
(/usr/share/texlive/texmf-dist/tex/latex/memoir/mem11.clo)
(/usr/share/texlive/texmf-dist/tex/latex/tools/array.sty)
(/usr/share/texlive/texmf-dist/tex/latex/tools/dcolumn.sty)
(/usr/share/texlive/texmf-dist/tex/latex/tools/delarray.sty)
(/usr/share/texlive/texmf-dist/tex/latex/tools/tabularx.sty)
(/usr/share/texlive/texmf-dist/tex/latex/booktabs/booktabs.sty)
(/usr/share/texlive/texmf-dist/tex/latex/hyperref/nameref.sty
(/usr/share/texlive/texmf-dist/tex/latex/refcount/refcount.sty
(/usr/share/texlive/texmf-dist/tex/generic/ltxcmds/ltxcmds.sty)
(/usr/share/texlive/texmf-dist/tex/generic/infwarerr/infwarerr.sty))
(/usr/share/texlive/texmf-dist/tex/generic/gettitlestring/gettitlestring.sty
(/usr/share/texlive/texmf-dist/tex/latex/kvoptions/kvoptions.sty
(/usr/share/texlive/texmf-dist/tex/latex/graphics/keyval.sty)
(/usr/share/texlive/texmf-dist/tex/latex/kvsetkeys/kvsetkeys.sty))))
(/usr/share/texlive/texmf-dist/tex/latex/tools/verbatim.sty)
(/usr/share/texlive/texmf-dist/tex/latex/base/shortvrb.sty)
(/usr/share/texlive/texmf-dist/tex/latex/textcase/textcase.sty))

******************************************************
Stock height and width: 722.7pt by 506.45905pt
Top and edge trims: 0pt and 0pt
Page height and width: 722.7pt by 506.45905pt
Text height and width: 582.20026pt by 392pt
Spine and edge margins: 62.59605pt and 51.21495pt
Upper and lower margins: 68.2866pt and 72.21313pt
Headheight and headsep: 13.6pt and 25.60747pt
Footskip: 27.46295pt
Columnsep and columnseprule: 10pt and 0pt
Marginparsep and marginparwidth: 7pt and 37.21495pt
Sidecapsep and sidecapwidth: 7pt and 111pt
Sidebarhsep and sidebarwidth: 7pt and 111pt
Sidebarvsep and sidebartopsep: 13.6pt and 0pt
Sidebarheight: 539.9202pt
Sidefoothsep and sidefootwidth: 7pt and 111pt
Sidefootvsep and sidefootheight: 13.6pt and 539.9202pt
******************************************************

(/usr/share/texlive/texmf-dist/tex/latex/fontspec/fontspec.sty
(/usr/share/texlive/texmf-dist/tex/latex/fontspec/fontspec-xetex.sty
(/usr/share/texlive/texmf-dist/tex/latex/base/fontenc.sty)
(/usr/share/texlive/texmf-dist/tex/latex/fontspec/fontspec.cfg)))
(/usr/share/texlive/texmf-dist/tex/latex/microtype/microtype.sty
(/usr/share/texlive/texmf-dist/tex/latex/microtype/microtype-xetex.def)
(/usr/share/texlive/texmf-dist/tex/latex/microtype/microtype.cfg))
(/usr/share/texlive/texmf-dist/tex/latex/xcolor/xcolor.sty
(/usr/share/texlive/texmf-dist/tex/latex/graphics-cfg/color.cfg)
(/usr/share/texlive/texmf-dist/tex/latex/graphics-def/xetex.def)
(/usr/share/texlive/texmf-dist/tex/latex/graphics/mathcolor.ltx))
(/usr/share/texlive/texmf-dist/tex/latex/fancyvrb/fancyvrb.sty)
(/usr/share/texlive/texmf-dist/tex/latex/fvextra/fvextra.sty
(/usr/share/texlive/texmf-dist/tex/latex/upquote/upquote.sty
(/usr/share/texlive/texmf-dist/tex/latex/base/textcomp.sty))
(/usr/share/texlive/texmf-dist/tex/latex/lineno/lineno.sty))
(/usr/share/texlive/texmf-dist/tex/latex/graphics/graphicx.sty
(/usr/share/texlive/texmf-dist/tex/latex/graphics/graphics.sty
(/usr/share/texlive/texmf-dist/tex/latex/graphics/trig.sty)
(/usr/share/texlive/texmf-dist/tex/latex/graphics-cfg/graphics.cfg)))
(/usr/share/texlive/texmf-dist/tex/latex/pgf/frontendlayer/tikz.sty
(/usr/share/texlive/texmf-dist/tex/latex/pgf/basiclayer/pgf.sty
(/usr/share/texlive/texmf-dist/tex/latex/pgf/utilities/pgfrcs.sty
(/usr/share/texlive/texmf-dist/tex/generic/pgf/utilities/pgfutil-common.tex)
(/usr/share/texlive/texmf-dist/tex/generic/pgf/utilities/pgfutil-latex.def)
(/usr/share/texlive/texmf-dist/tex/generic/pgf/utilities/pgfrcs.code.tex
(/usr/share/texlive/texmf-dist/tex/generic/pgf/pgf.revision.tex)))
(/usr/share/texlive/texmf-dist/tex/latex/pgf/basiclayer/pgfcore.sty
(/usr/share/texlive/texmf-dist/tex/latex/pgf/systemlayer/pgfsys.sty
(/usr/share/texlive/texmf-dist/tex/generic/pgf/systemlayer/pgfsys.code.tex
(/usr/share/texlive/texmf-dist/tex/generic/pgf/utilities/pgfkeys.code.tex
(/usr/share/texlive/texmf-dist/tex/generic/pgf/utilities/pgfkeyslibraryfiltered
.code.tex)) (/usr/share/texlive/texmf-dist/tex/generic/pgf/systemlayer/pgf.cfg)
(/usr/share/texlive/texmf-dist/tex/generic/pgf/systemlayer/pgfsys-xetex.def
(/usr/share/texlive/texmf-dist/tex/generic/pgf/systemlayer/pgfsys-dvipdfmx.def
(/usr/share/texlive/texmf-dist/tex/generic/pgf/systemlayer/pgfsys-common-pdf.de
f))))
(/usr/share/texlive/texmf-dist/tex/generic/pgf/systemlayer/pgfsyssoftpath.code.
tex)
(/usr/share/texlive/texmf-dist/tex/generic/pgf/systemlayer/pgfsysprotocol.code.
tex))
(/usr/share/texlive/texmf-dist/tex/generic/pgf/basiclayer/pgfcore.code.tex
(/usr/share/texlive/texmf-dist/tex/generic/pgf/math/pgfmath.code.tex
(/usr/share/texlive/texmf-dist/tex/generic/pgf/math/pgfmathutil.code.tex)
(/usr/share/texlive/texmf-dist/tex/generic/pgf/math/pgfmathparser.code.tex)
(/usr/share/texlive/texmf-dist/tex/generic/pgf/math/pgfmathfunctions.code.tex)
(/usr/share/texlive/texmf-dist/tex/generic/pgf/math/pgfmathfunctions.basic.code
.tex)
(/usr/share/texlive/texmf-dist/tex/generic/pgf/math/pgfmathfunctions.trigonomet
ric.code.tex)
(/usr/share/texlive/texmf-dist/tex/generic/pgf/math/pgfmathfunctions.random.cod
e.tex)
(/usr/share/texlive/texmf-dist/tex/generic/pgf/math/pgfmathfunctions.comparison
.code.tex)
(/usr/share/texlive/texmf-dist/tex/generic/pgf/math/pgfmathfunctions.base.code.
tex)
(/usr/share/texlive/texmf-dist/tex/generic/pgf/math/pgfmathfunctions.round.code
.tex)
(/usr/share/texlive/texmf-dist/tex/generic/pgf/math/pgfmathfunctions.misc.code.
tex)
(/usr/share/texlive/texmf-dist/tex/generic/pgf/math/pgfmathfunctions.integerari
thmetics.code.tex)
(/usr/share/texlive/texmf-dist/tex/generic/pgf/math/pgfmathcalc.code.tex)
(/usr/share/texlive/texmf-dist/tex/generic/pgf/math/pgfmathfloat.code.tex))
(/usr/share/texlive/texmf-dist/tex/generic/pgf/math/pgfint.code.tex)
(/usr/share/texlive/texmf-dist/tex/generic/pgf/basiclayer/pgfcorepoints.code.te
x)
(/usr/share/texlive/texmf-dist/tex/generic/pgf/basiclayer/pgfcorepathconstruct.
code.tex)
(/usr/share/texlive/texmf-dist/tex/generic/pgf/basiclayer/pgfcorepathusage.code
.tex)
(/usr/share/texlive/texmf-dist/tex/generic/pgf/basiclayer/pgfcorescopes.code.te
x)
(/usr/share/texlive/texmf-dist/tex/generic/pgf/basiclayer/pgfcoregraphicstate.c
ode.tex)
(/usr/share/texlive/texmf-dist/tex/generic/pgf/basiclayer/pgfcoretransformation
s.code.tex)
(/usr/share/texlive/texmf-dist/tex/generic/pgf/basiclayer/pgfcorequick.code.tex
)
(/usr/share/texlive/texmf-dist/tex/generic/pgf/basiclayer/pgfcoreobjects.code.t
ex)
(/usr/share/texlive/texmf-dist/tex/generic/pgf/basiclayer/pgfcorepathprocessing
.code.tex)
(/usr/share/texlive/texmf-dist/tex/generic/pgf/basiclayer/pgfcorearrows.code.te
x)
(/usr/share/texlive/texmf-dist/tex/generic/pgf/basiclayer/pgfcoreshade.code.tex
)
(/usr/share/texlive/texmf-dist/tex/generic/pgf/basiclayer/pgfcoreimage.code.tex
)
(/usr/share/texlive/texmf-dist/tex/generic/pgf/basiclayer/pgfcoreexternal.code.
tex)
(/usr/share/texlive/texmf-dist/tex/generic/pgf/basiclayer/pgfcorelayers.code.te
x)
(/usr/share/texlive/texmf-dist/tex/generic/pgf/basiclayer/pgfcoretransparency.c
ode.tex)
(/usr/share/texlive/texmf-dist/tex/generic/pgf/basiclayer/pgfcorepatterns.code.
tex)
(/usr/share/texlive/texmf-dist/tex/generic/pgf/basiclayer/pgfcorerdf.code.tex))
)
(/usr/share/texlive/texmf-dist/tex/generic/pgf/modules/pgfmoduleshapes.code.tex
) (/usr/share/texlive/texmf-dist/tex/generic/pgf/modules/pgfmoduleplot.code.tex
)
(/usr/share/texlive/texmf-dist/tex/latex/pgf/compatibility/pgfcomp-version-0-65
.sty)
(/usr/share/texlive/texmf-dist/tex/latex/pgf/compatibility/pgfcomp-version-1-18
.sty)) (/usr/share/texlive/texmf-dist/tex/latex/pgf/utilities/pgffor.sty
(/usr/share/texlive/texmf-dist/tex/latex/pgf/utilities/pgfkeys.sty
(/usr/share/texlive/texmf-dist/tex/generic/pgf/utilities/pgfkeys.code.tex))
(/usr/share/texlive/texmf-dist/tex/latex/pgf/math/pgfmath.sty
(/usr/share/texlive/texmf-dist/tex/generic/pgf/math/pgfmath.code.tex))
(/usr/share/texlive/texmf-dist/tex/generic/pgf/utilities/pgffor.code.tex))
(/usr/share/texlive/texmf-dist/tex/generic/pgf/frontendlayer/tikz/tikz.code.tex

(/usr/share/texlive/texmf-dist/tex/generic/pgf/libraries/pgflibraryplothandlers
.code.tex)
(/usr/share/texlive/texmf-dist/tex/generic/pgf/modules/pgfmodulematrix.code.tex
)
(/usr/share/texlive/texmf-dist/tex/generic/pgf/frontendlayer/tikz/libraries/tik
zlibrarytopaths.code.tex)))
(/usr/share/texlive/texmf-dist/tex/generic/pgf/libraries/pgflibraryarrows.meta.
code.tex)
(/usr/share/texlive/texmf-dist/tex/generic/pgf/frontendlayer/tikz/libraries/tik
zlibrarypositioning.code.tex)
(/usr/share/texlive/texmf-dist/tex/generic/pgf/frontendlayer/tikz/libraries/tik
zlibrarycalc.code.tex)
(/usr/share/texlive/texmf-dist/tex/latex/hyperref/hyperref.sty
(/usr/share/texlive/texmf-dist/tex/generic/kvdefinekeys/kvdefinekeys.sty)
(/usr/share/texlive/texmf-dist/tex/generic/pdfescape/pdfescape.sty
(/usr/share/texlive/texmf-dist/tex/generic/pdftexcmds/pdftexcmds.sty))
(/usr/share/texlive/texmf-dist/tex/latex/hycolor/hycolor.sty)
(/usr/share/texlive/texmf-dist/tex/latex/auxhook/auxhook.sty)
(/usr/share/texlive/texmf-dist/tex/latex/hyperref/pd1enc.def)
(/usr/share/texlive/texmf-dist/tex/generic/intcalc/intcalc.sty)
(/usr/share/texlive/texmf-dist/tex/latex/hyperref/puenc.def)
(/usr/share/texlive/texmf-dist/tex/latex/url/url.sty)
(/usr/share/texlive/texmf-dist/tex/generic/bitset/bitset.sty
(/usr/share/texlive/texmf-dist/tex/generic/bigintcalc/bigintcalc.sty))
(/usr/share/texlive/texmf-dist/tex/latex/base/atbegshi-ltx.sty))
(/usr/share/texlive/texmf-dist/tex/latex/hyperref/hxetex.def
(/usr/share/texlive/texmf-dist/tex/generic/stringenc/stringenc.sty)
(/usr/share/texlive/texmf-dist/tex/latex/rerunfilecheck/rerunfilecheck.sty
(/usr/share/texlive/texmf-dist/tex/latex/base/atveryend-ltx.sty)
(/usr/share/texlive/texmf-dist/tex/generic/uniquecounter/uniquecounter.sty)))
(/usr/share/texlive/texmf-dist/tex/latex/memoir/memhfixc.sty)) (./full.aux)
(/usr/share/texlive/texmf-dist/tex/latex/base/ts1cmr.fd)
(/usr/share/texlive/texmf-dist/tex/latex/microtype/mt-Palatino.cfg) (./full.out
) (./full.out) [1] (./ch0body.tex [1]) [2] (./full.toc
(/usr/share/texlive/texmf-dist/tex/latex/microtype/mt-cmr.cfg)
Underfull \vbox (badness 1490) has occurred while \output is active [3]
[4] [5] [6]) [7] (./reg.tex [1] [2] [3]) [4]

Package hyperref Warning: Token not allowed in a PDF string (Unicode):
(hyperref)                removing `\headfont' on input line 40.


Package hyperref Warning: Token not allowed in a PDF string (Unicode):
(hyperref)                \hskip 10.95pt
(hyperref)                replaced by space on input line 40.

[5] (./ch1.tex
Underfull \hbox (badness 10000) in paragraph at lines 32--42
[]\TU/TeXGyrePagella(0)/m/n/10.95 That test is the tamperproof property of the 
reference monitor

Underfull \hbox (badness 1314) in paragraph at lines 32--42
\TU/TeXGyrePagella(0)/m/n/10.95 ([]\TU/LatinModernMono(0)/m/n/10.95 reference-m
onitor[]\TU/TeXGyrePagella(0)/m/n/10.95 ) restated in kernel terms, and it does
 the sorting. It is
[6] [7] [8] [9] [10]) (./ch2.tex [11] [12]
Underfull \hbox (badness 3417) in paragraph at lines 85--103
\TU/TeXGyrePagella(0)/m/n/10.95 holds []\TU/LatinModernMono(0)/m/n/10.95 cap_ne
t_admin[] \TU/TeXGyrePagella(0)/m/n/10.95 and mirrors the kennel’s loopback pre
fixes onto the

Underfull \hbox (badness 1552) in paragraph at lines 85--103
\TU/TeXGyrePagella(0)/m/n/10.95 host can present a kennel’s inbound listeners a
t the kennel’s own address;
[13] [14] [15] [16]) (./ch3.tex [17] [18] [19] [20]
Underfull \hbox (badness 1762) in paragraph at lines 188--197
\TU/TeXGyrePagella(0)/m/n/10.95 it brokered, parsing control-plane structures a
nd never the payload stream
) (./ch4.tex [21] [22]
Underfull \hbox (badness 2932) in paragraph at lines 14--24
\TU/TeXGyrePagella(0)/m/n/10.95 The trusted computing base is the code linked i
nto the binaries that en-

Underfull \hbox (badness 5119) in paragraph at lines 14--24
\TU/TeXGyrePagella(0)/m/n/10.95 force: []\TU/LatinModernMono(0)/m/n/10.95 kenne
ld[] \TU/TeXGyrePagella(0)/m/n/10.95 the daemon, []\TU/LatinModernMono(0)/m/n/1
0.95 kennel-privhelper[] \TU/TeXGyrePagella(0)/m/n/10.95 the capability helper,
 and

Underfull \vbox (badness 4341) has occurred while \output is active [23]
[24]) (./ch5.tex [25]
Underfull \vbox (badness 1590) has occurred while \output is active [26]
[27]) [28]

Package hyperref Warning: Token not allowed in a PDF string (Unicode):
(hyperref)                removing `\headfont' on input line 47.


Package hyperref Warning: Token not allowed in a PDF string (Unicode):
(hyperref)                \hskip 10.95pt
(hyperref)                replaced by space on input line 47.

[29] (./ch6.tex [30] [31] [32]) (./ch7.tex [33] [34] [35]
Underfull \hbox (badness 1342) in paragraph at lines 66--78
[]\TU/TeXGyrePagella(0)/m/n/10.95 Beneath the allowlist sits a second mechanism
 that does not depend on it.
[36] [37]) (./ch8.tex [38] [39] [40] [41] [42] [43]) (./ch9.tex [44] [45]
[46] [47]
Underfull \hbox (badness 1354) in paragraph at lines 194--218
\TU/TeXGyrePagella(0)/m/n/10.95 icy does not grant is already denied, and a use
r may override that denial

Underfull \hbox (badness 3492) in paragraph at lines 194--218
\TU/TeXGyrePagella(0)/m/n/10.95 for a service that is dangerous but conceivably
 legitimate, a connectivity
[48] [49]) (./ch10.tex [50] [51] [52] [53] [54]) (./ch11.tex [55]
Underfull \hbox (badness 1057) in paragraph at lines 45--59
\TU/TeXGyrePagella(0)/m/n/10.95 config, runs inside a confined kennel at worklo
ad authority, so a malicious

Underfull \hbox (badness 1708) in paragraph at lines 45--59
\TU/TeXGyrePagella(0)/m/n/10.95 daemon ([]\TU/LatinModernMono(0)/m/n/10.95 quar
antine-the-unsafe[]\TU/TeXGyrePagella(0)/m/n/10.95 ). The trusted base is the s
ize it was. The

Underfull \hbox (badness 4217) in paragraph at lines 45--59
\TU/TeXGyrePagella(0)/m/n/10.95 ([]\TU/LatinModernMono(0)/m/n/10.95 make-invali
d-unrepresentable[]\TU/TeXGyrePagella(0)/m/n/10.95 ). The substrate-replacement
 primitive exists
[56] [57] [58] [59]) (./ch12.tex [60]
Underfull \hbox (badness 1194) in paragraph at lines 44--55
\TU/TeXGyrePagella(0)/m/n/10.95 a workload may reach, and that statement is rea
l in that the diff shows it

Underfull \hbox (badness 1728) in paragraph at lines 44--55
\TU/TeXGyrePagella(0)/m/n/10.95 pace and seccomp, not the tables. Declaring one
 compiles with a warning
[61]
Underfull \vbox (badness 4792) has occurred while \output is active [62]
Underfull \vbox (badness 10000) has occurred while \output is active [63])
[64]

Package hyperref Warning: Token not allowed in a PDF string (Unicode):
(hyperref)                removing `\headfont' on input line 56.


Package hyperref Warning: Token not allowed in a PDF string (Unicode):
(hyperref)                \hskip 10.95pt
(hyperref)                replaced by space on input line 56.

[65] (./ch13.tex [66] [67] [68]) (./ch14.tex [69] [70] [71] [72]
Underfull \hbox (badness 10000) in paragraph at lines 122--136
[]\TU/TeXGyrePagella(0)/m/n/10.95 Two properties of the name keep the broker ho
nest. A reserved
[73] [74] [75] [76]) (./ch15.tex [77] [78] [79]
Underfull \hbox (badness 1472) in paragraph at lines 84--106
\TU/TeXGyrePagella(0)/m/n/10.95 positor reaches the host through the same AF_UN
IX brokered connect the

Underfull \hbox (badness 3354) in paragraph at lines 84--106
\TU/TeXGyrePagella(0)/m/n/10.95 compositor’s own socket pathname is absent from
 the inner compositor’s
[80] [81] [82]) [83]

Package hyperref Warning: Token not allowed in a PDF string (Unicode):
(hyperref)                removing `\headfont' on input line 61.


Package hyperref Warning: Token not allowed in a PDF string (Unicode):
(hyperref)                \hskip 10.95pt
(hyperref)                replaced by space on input line 61.

[84] (./ch16.tex [85] [86] [87]) (./ch17.tex [88] [89] [90]) (./ch18.tex
[91] [92] [93]
Underfull \hbox (badness 3547) in paragraph at lines 83--95
\TU/TeXGyrePagella(0)/m/n/10.95 The store is three flat directories, searched a
s one. A vendor tier under
[94] [95]) (./ch19.tex [96] [97] [98]) [99] [100]

Package hyperref Warning: Token not allowed in a PDF string (Unicode):
(hyperref)                removing `\headfont' on input line 67.


Package hyperref Warning: Token not allowed in a PDF string (Unicode):
(hyperref)                \hskip 10.95pt
(hyperref)                replaced by space on input line 67.

[101] (./ch20.tex

LaTeX Font Warning: Font shape `TU/LatinModernMono(0)/b/n' undefined
(Font)              using `TU/LatinModernMono(0)/m/n' instead on input line 8.


Underfull \hbox (badness 10000) in paragraph at lines 19--24
[]\TU/TeXGyrePagella(0)/m/n/10.95 Contains: []\TU/LatinModernMono(0)/m/n/10.95 
[audit.dbus][]\TU/TeXGyrePagella(0)/m/n/10.95 , []\TU/LatinModernMono(0)/m/n/10
.95 [audit.exec][]\TU/TeXGyrePagella(0)/m/n/10.95 , []\TU/LatinModernMono(0)/m/
n/10.95 [audit.file][]\TU/TeXGyrePagella(0)/m/n/10.95 , []\TU/LatinModernMono(0
)/m/n/10.95 [audit.filesystem][]\TU/TeXGyrePagella(0)/m/n/10.95 ,

Underfull \hbox (badness 10000) in paragraph at lines 19--24
[]\TU/LatinModernMono(0)/m/n/10.95 [audit.journald][]\TU/TeXGyrePagella(0)/m/n/
10.95 , []\TU/LatinModernMono(0)/m/n/10.95 [audit.network][]\TU/TeXGyrePagella(
0)/m/n/10.95 , []\TU/LatinModernMono(0)/m/n/10.95 [audit.stdout][]\TU/TeXGyrePa
gella(0)/m/n/10.95 , []\TU/LatinModernMono(0)/m/n/10.95 [audit.syslog][]\TU/TeX
GyrePagella(0)/m/n/10.95 ,
[102] [103] [104] [105]
Underfull \hbox (badness 4699) in paragraph at lines 261--263
[]\TU/TeXGyrePagella(0)/m/n/10.95 optional. Destinations the kennel may call me
thods on and receive
[106] [107] [108] [109] [110]
Underfull \hbox (badness 8075) in paragraph at lines 536--538
[]\TU/TeXGyrePagella(0)/m/n/10.95 optional. The workload’s masked \TU/TeXGyrePa
gella(0)/b/n/10.95 primary \TU/TeXGyrePagella(0)/m/n/10.95 group name (syntheti
c

Underfull \hbox (badness 6775) in paragraph at lines 539--541
[]\TU/TeXGyrePagella(0)/m/n/10.95 optional. Supplementary group names to retain
 (e.g. []\TU/LatinModernMono(0)/b/n/10.95 ["dialout",
[111]
Underfull \hbox (badness 10000) in paragraph at lines 622--624
[]\TU/TeXGyrePagella(0)/m/n/10.95 optional. Predicate bound: the root the value
 resolves under
[112]
Underfull \hbox (badness 10000) in paragraph at lines 657--660
[]\TU/TeXGyrePagella(0)/m/n/10.95 optional. Egress mode: []\TU/LatinModernMono(
0)/b/n/10.95 "none"[] \TU/TeXGyrePagella(0)/m/n/10.95 (own empty net-ns, no int
erfaces),

Underfull \hbox (badness 2005) in paragraph at lines 657--660
[]\TU/LatinModernMono(0)/b/n/10.95 "constrained"[] \TU/TeXGyrePagella(0)/m/n/10
.95 (own net-ns, One of []\TU/LatinModernMono(0)/b/n/10.95 none[]\TU/TeXGyrePag
ella(0)/m/n/10.95 , []\TU/LatinModernMono(0)/b/n/10.95 constrained[]\TU/TeXGyre
Pagella(0)/m/n/10.95 , []\TU/LatinModernMono(0)/b/n/10.95 unconstrained[]\TU/Te
XGyrePagella(0)/m/n/10.95 ,
[113] [114]
Underfull \hbox (badness 6775) in paragraph at lines 772--774
[]\TU/TeXGyrePagella(0)/m/n/10.95 optional. Denied socket families ([]\TU/Latin
ModernMono(0)/b/n/10.95 inet_sock_create[] \TU/TeXGyrePagella(0)/m/n/10.95 retu
rns
[115] [116]
Underfull \hbox (badness 10000) in paragraph at lines 951--953
[]\TU/TeXGyrePagella(0)/m/n/10.95 required. The typed transport. One of []\TU/L
atinModernMono(0)/b/n/10.95 af-unix[]\TU/TeXGyrePagella(0)/m/n/10.95 , []\TU/La
tinModernMono(0)/b/n/10.95 dbus-name[]\TU/TeXGyrePagella(0)/m/n/10.95 ,
[117]
Underfull \hbox (badness 7326) in paragraph at lines 992--995
[]\TU/TeXGyrePagella(0)/m/n/10.95 optional. Rootfs persistence: []\TU/LatinMode
rnMono(0)/b/n/10.95 "discard"[] \TU/TeXGyrePagella(0)/m/n/10.95 (default) | []\
TU/LatinModernMono(0)/b/n/10.95 "persist"[]\TU/TeXGyrePagella(0)/m/n/10.95 .

Underfull \hbox (badness 1163) in paragraph at lines 996--998
[]\TU/TeXGyrePagella(0)/m/n/10.95 optional. Closure-lock: rootfs paths Landlock
 denies writes to, the
[118] [119]
Overfull \hbox (2.8644pt too wide) in paragraph at lines 1098--1100
[]\TU/TeXGyrePagella(0)/m/n/10.95 required. Signature algorithm. Must be []\TU/
LatinModernMono(0)/b/n/10.95 "sshsig"[] \TU/TeXGyrePagella(0)/m/n/10.95 ([[]\TU
/LatinModernMono(0)/b/n/10.95 SSHSIG_ALGORITHM[]\TU/TeXGyrePagella(0)/m/n/10.95
 ]). 
[120]
Underfull \hbox (badness 1783) in paragraph at lines 1172--1174
[]\TU/TeXGyrePagella(0)/m/n/10.95 optional. Whether a granted key may be driven
 by a non-

Underfull \hbox (badness 4699) in paragraph at lines 1208--1210
[]\TU/TeXGyrePagella(0)/m/n/10.95 optional. Maintain a []\TU/LatinModernMono(0)
/b/n/10.95 .trust-manifest.json[] \TU/TeXGyrePagella(0)/m/n/10.95 at the root o
f every
[121]
Underfull \hbox (badness 10000) in paragraph at lines 1260--1262
[]\TU/TeXGyrePagella(0)/m/n/10.95 optional. An environment variable to set to t
he shim path
[122] [123]) (./ch21.tex [124] [125]
Underfull \hbox (badness 3503) in paragraph at lines 54--58
\TU/TeXGyrePagella(0)/m/n/10.95 exec.allow is empty, which DENIES ALL EXECUTION
: a merely-readable

Underfull \hbox (badness 2726) in paragraph at lines 54--58
\TU/TeXGyrePagella(0)/m/n/10.95 file is not executable. A derived template/leaf
 adds the binaries it needs;
[126] [127]
Underfull \hbox (badness 4120) in paragraph at lines 175--187
\TU/TeXGyrePagella(0)/m/n/10.95 There is no library allowlist, by design. Execu
tion is gated by Landlock
[128] [129]
Underfull \hbox (badness 1810) in paragraph at lines 262--266
\TU/TeXGyrePagella(0)/m/n/10.95 Default-deny; the constructed view contains onl
y granted sockets. Abstract-
[130] [131] [132] [133] [134]
Underfull \hbox (badness 1442) in paragraph at lines 495--500
[]\TU/TeXGyrePagella(0)/m/n/10.95 Additive-only (§5.10): every entry is an []\T
U/LatinModernMono(0)/b/n/10.95 [[exec.allow.add]][] \TU/TeXGyrePagella(0)/m/n/1
0.95 delta. Compos-

Underfull \hbox (badness 1365) in paragraph at lines 495--500
[]\TU/LatinModernMono(0)/b/n/10.95 [exec].allow[] \TU/TeXGyrePagella(0)/m/n/10.
95 under Landlock execve default-deny, and the cage (net/fs/ttl/

Underfull \hbox (badness 1394) in paragraph at lines 528--533
[]\TU/TeXGyrePagella(0)/m/n/10.95 A composable capability bundle (05-templates.
md §5.10): The non-mutating

Underfull \hbox (badness 1442) in paragraph at lines 538--543
[]\TU/TeXGyrePagella(0)/m/n/10.95 Additive-only (§5.10): every entry is an []\T
U/LatinModernMono(0)/b/n/10.95 [[exec.allow.add]][] \TU/TeXGyrePagella(0)/m/n/1
0.95 delta. Compos-

Underfull \hbox (badness 1365) in paragraph at lines 538--543
[]\TU/LatinModernMono(0)/b/n/10.95 [exec].allow[] \TU/TeXGyrePagella(0)/m/n/10.
95 under Landlock execve default-deny, and the cage (net/fs/ttl/
[135]
Underfull \hbox (badness 1442) in paragraph at lines 590--595
[]\TU/TeXGyrePagella(0)/m/n/10.95 Additive-only (§5.10): every entry is an []\T
U/LatinModernMono(0)/b/n/10.95 [[exec.allow.add]][] \TU/TeXGyrePagella(0)/m/n/1
0.95 delta. Compos-

Underfull \hbox (badness 1365) in paragraph at lines 590--595
[]\TU/LatinModernMono(0)/b/n/10.95 [exec].allow[] \TU/TeXGyrePagella(0)/m/n/10.
95 under Landlock execve default-deny, and the cage (net/fs/ttl/
[136]
Underfull \hbox (badness 1442) in paragraph at lines 635--640
[]\TU/TeXGyrePagella(0)/m/n/10.95 Additive-only (§5.10): every entry is an []\T
U/LatinModernMono(0)/b/n/10.95 [[exec.allow.add]][] \TU/TeXGyrePagella(0)/m/n/1
0.95 delta. Compos-

Underfull \hbox (badness 1365) in paragraph at lines 635--640
[]\TU/LatinModernMono(0)/b/n/10.95 [exec].allow[] \TU/TeXGyrePagella(0)/m/n/10.
95 under Landlock execve default-deny, and the cage (net/fs/ttl/
[137]
Underfull \hbox (badness 1442) in paragraph at lines 681--686
[]\TU/TeXGyrePagella(0)/m/n/10.95 Additive-only (§5.10): every entry is an []\T
U/LatinModernMono(0)/b/n/10.95 [[exec.allow.add]][] \TU/TeXGyrePagella(0)/m/n/1
0.95 delta. Compos-

Underfull \hbox (badness 1365) in paragraph at lines 681--686
[]\TU/LatinModernMono(0)/b/n/10.95 [exec].allow[] \TU/TeXGyrePagella(0)/m/n/10.
95 under Landlock execve default-deny, and the cage (net/fs/ttl/

Underfull \hbox (badness 3250) in paragraph at lines 702--705
[]\TU/TeXGyrePagella(0)/m/n/10.95 A composable capability bundle (05-templates.
md §5.10): git plus its per-
[138]
Underfull \hbox (badness 8170) in paragraph at lines 753--759
[]\TU/TeXGyrePagella(0)/m/n/10.95 Widen the inherited interactive toolset towar
d a full dev shell: the C

Underfull \hbox (badness 1454) in paragraph at lines 753--759
\TU/TeXGyrePagella(0)/m/n/10.95 toolchain (cc/make/…) and the development heade
rs, on top of the base’s

Underfull \hbox (badness 10000) in paragraph at lines 753--759
\TU/TeXGyrePagella(0)/m/n/10.95 shells/coreutils/editors/net-clients/git/python
3. The language-registry frag-

Underfull \hbox (badness 3417) in paragraph at lines 753--759
\TU/TeXGyrePagella(0)/m/n/10.95 ments (lang-python/lang-node) are NOT included 
— they carry by-name

Underfull \hbox (badness 1062) in paragraph at lines 753--759
\TU/TeXGyrePagella(0)/m/n/10.95 proxy-egress rules host mode rejects; under hos
t egress python3 (inherited)

Underfull \hbox (badness 1430) in paragraph at lines 793--797
[]\TU/TeXGyrePagella(0)/m/n/10.95 A composable capability bundle (05-templates.
md §5.10): the C/C++ build
[139] [140]) [141] (./refs.tex) (./full.aux)